app/build/intermediates/manifest_merge_blame_file/debug/processDebugMainManifest/manifest-merger-blame-debug-report.txt
1<?xml version="1.0" encoding="utf-8"?>
2<manifest xmlns:android="http://schemas.android.com/apk/res/android"
3    package="com.mediquest.app"
4    android:versionCode="1"
5    android:versionName="1.0" >
6
7    <uses-sdk
8        android:minSdkVersion="26"
9        android:targetSdkVersion="35" />
10
11    <uses-permission android:name="android.permission.ACCESS_FINE_LOCATION" />
11-->src\main\AndroidManifest.xml:4:5-79
11-->src\main\AndroidManifest.xml:4:22-76
12    <uses-permission android:name="android.permission.ACCESS_COARSE_LOCATION" />
12-->src\main\AndroidManifest.xml:5:5-81
12-->src\main\AndroidManifest.xml:5:22-78
13    <uses-permission android:name="android.permission.ACCESS_BACKGROUND_LOCATION" />
13-->src\main\AndroidManifest.xml:6:5-85
13-->src\main\AndroidManifest.xml:6:22-82
14    <uses-permission android:name="android.permission.POST_NOTIFICATIONS" />
14-->src\main\AndroidManifest.xml:7:5-77
14-->src\main\AndroidManifest.xml:7:22-74
15    <uses-permission android:name="android.permission.FOREGROUND_SERVICE" />
15-->src\main\AndroidManifest.xml:8:5-77
15-->src\main\AndroidManifest.xml:8:22-74
16    <uses-permission android:name="android.permission.FOREGROUND_SERVICE_LOCATION" />
16-->src\main\AndroidManifest.xml:9:5-86
16-->src\main\AndroidManifest.xml:9:22-83
17    <uses-permission android:name="android.permission.INTERNET" />
17-->src\main\AndroidManifest.xml:10:5-67
17-->src\main\AndroidManifest.xml:10:22-64
18    <uses-permission android:name="android.permission.RECEIVE_BOOT_COMPLETED" />
18-->src\main\AndroidManifest.xml:11:5-81
18-->src\main\AndroidManifest.xml:11:22-78
19    <uses-permission android:name="android.permission.ACCESS_WIFI_STATE" /> <!-- Include required permissions for Google Maps API to run. -->
19-->[com.google.android.libraries.places:places:4.1.0] AndroidManifest.xml:11:5-76
19-->[com.google.android.libraries.places:places:4.1.0] AndroidManifest.xml:11:22-73
20    <uses-permission android:name="android.permission.ACCESS_NETWORK_STATE" />
20-->[com.google.android.gms:play-services-maps:19.0.0] AndroidManifest.xml:23:5-79
20-->[com.google.android.gms:play-services-maps:19.0.0] AndroidManifest.xml:23:22-76
21
22    <uses-feature
22-->[com.google.android.gms:play-services-maps:19.0.0] AndroidManifest.xml:26:5-28:35
23        android:glEsVersion="0x00020000"
23-->[com.google.android.gms:play-services-maps:19.0.0] AndroidManifest.xml:27:9-41
24        android:required="true" />
24-->[com.google.android.gms:play-services-maps:19.0.0] AndroidManifest.xml:28:9-32
25
26    <queries>
26-->[com.google.android.gms:play-services-maps:19.0.0] AndroidManifest.xml:30:5-34:15
27
28        <!-- Needs to be explicitly declared on Android R+ -->
29        <package android:name="com.google.android.apps.maps" />
29-->[com.google.android.gms:play-services-maps:19.0.0] AndroidManifest.xml:33:9-64
29-->[com.google.android.gms:play-services-maps:19.0.0] AndroidManifest.xml:33:18-61
30    </queries>
31
32    <uses-permission android:name="android.permission.WAKE_LOCK" />
32-->[com.google.android.gms:play-services-measurement:22.1.2] AndroidManifest.xml:25:5-68
32-->[com.google.android.gms:play-services-measurement:22.1.2] AndroidManifest.xml:25:22-65
33    <uses-permission android:name="com.google.android.finsky.permission.BIND_GET_INSTALL_REFERRER_SERVICE" />
33-->[com.google.android.gms:play-services-measurement:22.1.2] AndroidManifest.xml:26:5-110
33-->[com.google.android.gms:play-services-measurement:22.1.2] AndroidManifest.xml:26:22-107
34    <uses-permission android:name="com.google.android.gms.permission.AD_ID" />
34-->[com.google.android.gms:play-services-measurement-impl:22.1.2] AndroidManifest.xml:27:5-79
34-->[com.google.android.gms:play-services-measurement-impl:22.1.2] AndroidManifest.xml:27:22-76
35    <uses-permission android:name="android.permission.ACCESS_ADSERVICES_ATTRIBUTION" />
35-->[com.google.android.gms:play-services-measurement-api:22.1.2] AndroidManifest.xml:26:5-88
35-->[com.google.android.gms:play-services-measurement-api:22.1.2] AndroidManifest.xml:26:22-85
36    <uses-permission android:name="android.permission.ACCESS_ADSERVICES_AD_ID" />
36-->[com.google.android.gms:play-services-measurement-api:22.1.2] AndroidManifest.xml:27:5-82
36-->[com.google.android.gms:play-services-measurement-api:22.1.2] AndroidManifest.xml:27:22-79
37    <uses-permission android:name="com.google.android.providers.gsf.permission.READ_GSERVICES" />
37-->[com.google.android.recaptcha:recaptcha:18.5.1] AndroidManifest.xml:9:5-98
37-->[com.google.android.recaptcha:recaptcha:18.5.1] AndroidManifest.xml:9:22-95
38
39    <permission
39-->[androidx.core:core:1.15.0] AndroidManifest.xml:22:5-24:47
40        android:name="com.mediquest.app.DYNAMIC_RECEIVER_NOT_EXPORTED_PERMISSION"
40-->[androidx.core:core:1.15.0] AndroidManifest.xml:23:9-81
41        android:protectionLevel="signature" />
41-->[androidx.core:core:1.15.0] AndroidManifest.xml:24:9-44
42
43    <uses-permission android:name="com.mediquest.app.DYNAMIC_RECEIVER_NOT_EXPORTED_PERMISSION" />
43-->[androidx.core:core:1.15.0] AndroidManifest.xml:26:5-97
43-->[androidx.core:core:1.15.0] AndroidManifest.xml:26:22-94
44
45    <application
45-->src\main\AndroidManifest.xml:13:5-46:19
46        android:name="com.mediquest.app.MediQuestApplication"
46-->src\main\AndroidManifest.xml:14:9-45
47        android:allowBackup="true"
47-->src\main\AndroidManifest.xml:15:9-35
48        android:appComponentFactory="androidx.core.app.CoreComponentFactory"
48-->[androidx.core:core:1.15.0] AndroidManifest.xml:28:18-86
49        android:debuggable="true"
50        android:extractNativeLibs="false"
51        android:icon="@mipmap/ic_launcher"
51-->src\main\AndroidManifest.xml:16:9-43
52        android:label="@string/app_name"
52-->src\main\AndroidManifest.xml:17:9-41
53        android:networkSecurityConfig="@xml/network_security_config"
53-->src\main\AndroidManifest.xml:21:9-69
54        android:roundIcon="@mipmap/ic_launcher_round"
54-->src\main\AndroidManifest.xml:18:9-54
55        android:supportsRtl="true"
55-->src\main\AndroidManifest.xml:19:9-35
56        android:testOnly="true"
57        android:theme="@style/Theme.VIB" >
57-->src\main\AndroidManifest.xml:20:9-41
58        <activity
58-->src\main\AndroidManifest.xml:23:9-31:20
59            android:name="com.mediquest.app.MainActivity"
59-->src\main\AndroidManifest.xml:24:13-41
60            android:exported="true"
60-->src\main\AndroidManifest.xml:25:13-36
61            android:theme="@style/Theme.VIB" >
61-->src\main\AndroidManifest.xml:26:13-45
62            <intent-filter>
62-->src\main\AndroidManifest.xml:27:13-30:29
63                <action android:name="android.intent.action.MAIN" />
63-->src\main\AndroidManifest.xml:28:17-69
63-->src\main\AndroidManifest.xml:28:25-66
64
65                <category android:name="android.intent.category.LAUNCHER" />
65-->src\main\AndroidManifest.xml:29:17-77
65-->src\main\AndroidManifest.xml:29:27-74
66            </intent-filter>
67        </activity>
68
69        <receiver
69-->src\main\AndroidManifest.xml:33:9-40:20
70            android:name="com.mediquest.app.geofence.GeofenceBroadcastReceiver"
70-->src\main\AndroidManifest.xml:34:13-63
71            android:exported="false" >
71-->src\main\AndroidManifest.xml:35:13-37
72            <intent-filter>
72-->src\main\AndroidManifest.xml:36:13-39:29
73                <action android:name="com.mediquest.app.ACTION_GEOFENCE_EVENT" />
73-->src\main\AndroidManifest.xml:37:17-82
73-->src\main\AndroidManifest.xml:37:25-79
74                <action android:name="com.mediquest.app.ACTION_REPORTE_LOTACAO" />
74-->src\main\AndroidManifest.xml:38:17-83
74-->src\main\AndroidManifest.xml:38:25-80
75            </intent-filter>
76        </receiver>
77
78        <meta-data
79            android:name="com.google.android.geo.API_KEY"
79-->src\main\AndroidManifest.xml:43:13-58
80            android:value="AIzaSyCpSl0DDV6GgJbKHAn6J2QM4ZrMa4sRTxg" />
80-->src\main\AndroidManifest.xml:44:13-44
81
82        <activity
82-->[com.google.android.libraries.places:places:4.1.0] AndroidManifest.xml:15:9-21:20
83            android:name="com.google.android.libraries.places.widget.AutocompleteActivity"
83-->[com.google.android.libraries.places:places:4.1.0] AndroidManifest.xml:16:13-91
84            android:exported="false"
84-->[com.google.android.libraries.places:places:4.1.0] AndroidManifest.xml:17:13-37
85            android:label="@string/places_autocomplete_label"
85-->[com.google.android.libraries.places:places:4.1.0] AndroidManifest.xml:18:13-62
86            android:theme="@style/PlacesAutocompleteOverlay"
86-->[com.google.android.libraries.places:places:4.1.0] AndroidManifest.xml:19:13-61
87            android:windowSoftInputMode="adjustResize" >
87-->[com.google.android.libraries.places:places:4.1.0] AndroidManifest.xml:20:13-55
88        </activity>
89
90        <meta-data
90-->[com.google.maps.android:android-maps-utils:3.8.2] AndroidManifest.xml:8:9-10:69
91            android:name="com.google.android.gms.version"
91-->[com.google.maps.android:android-maps-utils:3.8.2] AndroidManifest.xml:9:13-58
92            android:value="@integer/google_play_services_version" /> <!-- Needs to be explicitly declared on P+ -->
92-->[com.google.maps.android:android-maps-utils:3.8.2] AndroidManifest.xml:10:13-66
93        <uses-library
93-->[com.google.android.gms:play-services-maps:19.0.0] AndroidManifest.xml:39:9-41:40
94            android:name="org.apache.http.legacy"
94-->[com.google.android.gms:play-services-maps:19.0.0] AndroidManifest.xml:40:13-50
95            android:required="false" />
95-->[com.google.android.gms:play-services-maps:19.0.0] AndroidManifest.xml:41:13-37
96
97        <activity
97-->[com.google.firebase:firebase-auth:23.1.0] AndroidManifest.xml:29:9-46:20
98            android:name="com.google.firebase.auth.internal.GenericIdpActivity"
98-->[com.google.firebase:firebase-auth:23.1.0] AndroidManifest.xml:30:13-80
99            android:excludeFromRecents="true"
99-->[com.google.firebase:firebase-auth:23.1.0] AndroidManifest.xml:31:13-46
100            android:exported="true"
100-->[com.google.firebase:firebase-auth:23.1.0] AndroidManifest.xml:32:13-36
101            android:launchMode="singleTask"
101-->[com.google.firebase:firebase-auth:23.1.0] AndroidManifest.xml:33:13-44
102            android:theme="@android:style/Theme.Translucent.NoTitleBar" >
102-->[com.google.firebase:firebase-auth:23.1.0] AndroidManifest.xml:34:13-72
103            <intent-filter>
103-->[com.google.firebase:firebase-auth:23.1.0] AndroidManifest.xml:35:13-45:29
104                <action android:name="android.intent.action.VIEW" />
104-->[com.google.firebase:firebase-auth:23.1.0] AndroidManifest.xml:36:17-69
104-->[com.google.firebase:firebase-auth:23.1.0] AndroidManifest.xml:36:25-66
105
106                <category android:name="android.intent.category.DEFAULT" />
106-->[com.google.firebase:firebase-auth:23.1.0] AndroidManifest.xml:38:17-76
106-->[com.google.firebase:firebase-auth:23.1.0] AndroidManifest.xml:38:27-73
107                <category android:name="android.intent.category.BROWSABLE" />
107-->[com.google.firebase:firebase-auth:23.1.0] AndroidManifest.xml:39:17-78
107-->[com.google.firebase:firebase-auth:23.1.0] AndroidManifest.xml:39:27-75
108
109                <data
109-->[com.google.firebase:firebase-auth:23.1.0] AndroidManifest.xml:41:17-44:51
110                    android:host="firebase.auth"
110-->[com.google.firebase:firebase-auth:23.1.0] AndroidManifest.xml:42:21-49
111                    android:path="/"
111-->[com.google.firebase:firebase-auth:23.1.0] AndroidManifest.xml:43:21-37
112                    android:scheme="genericidp" />
112-->[com.google.firebase:firebase-auth:23.1.0] AndroidManifest.xml:44:21-48
113            </intent-filter>
114        </activity>
115        <activity
115-->[com.google.firebase:firebase-auth:23.1.0] AndroidManifest.xml:47:9-64:20
116            android:name="com.google.firebase.auth.internal.RecaptchaActivity"
116-->[com.google.firebase:firebase-auth:23.1.0] AndroidManifest.xml:48:13-79
117            android:excludeFromRecents="true"
117-->[com.google.firebase:firebase-auth:23.1.0] AndroidManifest.xml:49:13-46
118            android:exported="true"
118-->[com.google.firebase:firebase-auth:23.1.0] AndroidManifest.xml:50:13-36
119            android:launchMode="singleTask"
119-->[com.google.firebase:firebase-auth:23.1.0] AndroidManifest.xml:51:13-44
120            android:theme="@android:style/Theme.Translucent.NoTitleBar" >
120-->[com.google.firebase:firebase-auth:23.1.0] AndroidManifest.xml:52:13-72
121            <intent-filter>
121-->[com.google.firebase:firebase-auth:23.1.0] AndroidManifest.xml:53:13-63:29
122                <action android:name="android.intent.action.VIEW" />
122-->[com.google.firebase:firebase-auth:23.1.0] AndroidManifest.xml:36:17-69
122-->[com.google.firebase:firebase-auth:23.1.0] AndroidManifest.xml:36:25-66
123
124                <category android:name="android.intent.category.DEFAULT" />
124-->[com.google.firebase:firebase-auth:23.1.0] AndroidManifest.xml:38:17-76
124-->[com.google.firebase:firebase-auth:23.1.0] AndroidManifest.xml:38:27-73
125                <category android:name="android.intent.category.BROWSABLE" />
125-->[com.google.firebase:firebase-auth:23.1.0] AndroidManifest.xml:39:17-78
125-->[com.google.firebase:firebase-auth:23.1.0] AndroidManifest.xml:39:27-75
126
127                <data
127-->[com.google.firebase:firebase-auth:23.1.0] AndroidManifest.xml:41:17-44:51
128                    android:host="firebase.auth"
128-->[com.google.firebase:firebase-auth:23.1.0] AndroidManifest.xml:42:21-49
129                    android:path="/"
129-->[com.google.firebase:firebase-auth:23.1.0] AndroidManifest.xml:43:21-37
130                    android:scheme="recaptcha" />
130-->[com.google.firebase:firebase-auth:23.1.0] AndroidManifest.xml:44:21-48
131            </intent-filter>
132        </activity>
133
134        <service
134-->[com.google.firebase:firebase-auth:23.1.0] AndroidManifest.xml:66:9-72:19
135            android:name="com.google.firebase.components.ComponentDiscoveryService"
135-->[com.google.firebase:firebase-auth:23.1.0] AndroidManifest.xml:67:13-84
136            android:directBootAware="true"
136-->[com.google.firebase:firebase-common:21.0.0] AndroidManifest.xml:32:13-43
137            android:exported="false" >
137-->[com.google.firebase:firebase-auth:23.1.0] AndroidManifest.xml:68:13-37
138            <meta-data
138-->[com.google.firebase:firebase-auth:23.1.0] AndroidManifest.xml:69:13-71:85
139                android:name="com.google.firebase.components:com.google.firebase.auth.FirebaseAuthRegistrar"
139-->[com.google.firebase:firebase-auth:23.1.0] AndroidManifest.xml:70:17-109
140                android:value="com.google.firebase.components.ComponentRegistrar" />
140-->[com.google.firebase:firebase-auth:23.1.0] AndroidManifest.xml:71:17-82
141            <meta-data
141-->[com.google.firebase:firebase-firestore:25.1.1] AndroidManifest.xml:17:13-19:85
142                android:name="com.google.firebase.components:com.google.firebase.firestore.FirebaseFirestoreKtxRegistrar"
142-->[com.google.firebase:firebase-firestore:25.1.1] AndroidManifest.xml:18:17-122
143                android:value="com.google.firebase.components.ComponentRegistrar" />
143-->[com.google.firebase:firebase-firestore:25.1.1] AndroidManifest.xml:19:17-82
144            <meta-data
144-->[com.google.firebase:firebase-firestore:25.1.1] AndroidManifest.xml:20:13-22:85
145                android:name="com.google.firebase.components:com.google.firebase.firestore.FirestoreRegistrar"
145-->[com.google.firebase:firebase-firestore:25.1.1] AndroidManifest.xml:21:17-111
146                android:value="com.google.firebase.components.ComponentRegistrar" />
146-->[com.google.firebase:firebase-firestore:25.1.1] AndroidManifest.xml:22:17-82
147            <meta-data
147-->[com.google.android.gms:play-services-measurement-api:22.1.2] AndroidManifest.xml:37:13-39:85
148                android:name="com.google.firebase.components:com.google.firebase.analytics.connector.internal.AnalyticsConnectorRegistrar"
148-->[com.google.android.gms:play-services-measurement-api:22.1.2] AndroidManifest.xml:38:17-139
149                android:value="com.google.firebase.components.ComponentRegistrar" />
149-->[com.google.android.gms:play-services-measurement-api:22.1.2] AndroidManifest.xml:39:17-82
150            <meta-data
150-->[com.google.firebase:firebase-installations:18.0.0] AndroidManifest.xml:15:13-17:85
151                android:name="com.google.firebase.components:com.google.firebase.installations.FirebaseInstallationsKtxRegistrar"
151-->[com.google.firebase:firebase-installations:18.0.0] AndroidManifest.xml:16:17-130
152                android:value="com.google.firebase.components.ComponentRegistrar" />
152-->[com.google.firebase:firebase-installations:18.0.0] AndroidManifest.xml:17:17-82
153            <meta-data
153-->[com.google.firebase:firebase-installations:18.0.0] AndroidManifest.xml:18:13-20:85
154                android:name="com.google.firebase.components:com.google.firebase.installations.FirebaseInstallationsRegistrar"
154-->[com.google.firebase:firebase-installations:18.0.0] AndroidManifest.xml:19:17-127
155                android:value="com.google.firebase.components.ComponentRegistrar" />
155-->[com.google.firebase:firebase-installations:18.0.0] AndroidManifest.xml:20:17-82
156            <meta-data
156-->[com.google.firebase:firebase-common-ktx:21.0.0] AndroidManifest.xml:12:13-14:85
157                android:name="com.google.firebase.components:com.google.firebase.ktx.FirebaseCommonLegacyRegistrar"
157-->[com.google.firebase:firebase-common-ktx:21.0.0] AndroidManifest.xml:13:17-116
158                android:value="com.google.firebase.components.ComponentRegistrar" />
158-->[com.google.firebase:firebase-common-ktx:21.0.0] AndroidManifest.xml:14:17-82
159            <meta-data
159-->[com.google.firebase:firebase-common:21.0.0] AndroidManifest.xml:35:13-37:85
160                android:name="com.google.firebase.components:com.google.firebase.FirebaseCommonKtxRegistrar"
160-->[com.google.firebase:firebase-common:21.0.0] AndroidManifest.xml:36:17-109
161                android:value="com.google.firebase.components.ComponentRegistrar" />
161-->[com.google.firebase:firebase-common:21.0.0] AndroidManifest.xml:37:17-82
162        </service>
163        <service
163-->[androidx.credentials:credentials-play-services-auth:1.2.0-rc01] AndroidManifest.xml:24:9-32:19
164            android:name="androidx.credentials.playservices.CredentialProviderMetadataHolder"
164-->[androidx.credentials:credentials-play-services-auth:1.2.0-rc01] AndroidManifest.xml:25:13-94
165            android:enabled="true"
165-->[androidx.credentials:credentials-play-services-auth:1.2.0-rc01] AndroidManifest.xml:26:13-35
166            android:exported="false" >
166-->[androidx.credentials:credentials-play-services-auth:1.2.0-rc01] AndroidManifest.xml:27:13-37
167            <meta-data
167-->[androidx.credentials:credentials-play-services-auth:1.2.0-rc01] AndroidManifest.xml:29:13-31:104
168                android:name="androidx.credentials.CREDENTIAL_PROVIDER_KEY"
168-->[androidx.credentials:credentials-play-services-auth:1.2.0-rc01] AndroidManifest.xml:30:17-76
169                android:value="androidx.credentials.playservices.CredentialProviderPlayServicesImpl" />
169-->[androidx.credentials:credentials-play-services-auth:1.2.0-rc01] AndroidManifest.xml:31:17-101
170        </service>
171
172        <activity
172-->[androidx.credentials:credentials-play-services-auth:1.2.0-rc01] AndroidManifest.xml:34:9-41:20
173            android:name="androidx.credentials.playservices.HiddenActivity"
173-->[androidx.credentials:credentials-play-services-auth:1.2.0-rc01] AndroidManifest.xml:35:13-76
174            android:configChanges="orientation|screenSize|screenLayout|keyboardHidden"
174-->[androidx.credentials:credentials-play-services-auth:1.2.0-rc01] AndroidManifest.xml:36:13-87
175            android:enabled="true"
175-->[androidx.credentials:credentials-play-services-auth:1.2.0-rc01] AndroidManifest.xml:37:13-35
176            android:exported="false"
176-->[androidx.credentials:credentials-play-services-auth:1.2.0-rc01] AndroidManifest.xml:38:13-37
177            android:fitsSystemWindows="true"
177-->[androidx.credentials:credentials-play-services-auth:1.2.0-rc01] AndroidManifest.xml:39:13-45
178            android:theme="@style/Theme.Hidden" >
178-->[androidx.credentials:credentials-play-services-auth:1.2.0-rc01] AndroidManifest.xml:40:13-48
179        </activity>
180        <activity
180-->[com.google.android.gms:play-services-auth:20.7.0] AndroidManifest.xml:23:9-27:75
181            android:name="com.google.android.gms.auth.api.signin.internal.SignInHubActivity"
181-->[com.google.android.gms:play-services-auth:20.7.0] AndroidManifest.xml:24:13-93
182            android:excludeFromRecents="true"
182-->[com.google.android.gms:play-services-auth:20.7.0] AndroidManifest.xml:25:13-46
183            android:exported="false"
183-->[com.google.android.gms:play-services-auth:20.7.0] AndroidManifest.xml:26:13-37
184            android:theme="@android:style/Theme.Translucent.NoTitleBar" />
184-->[com.google.android.gms:play-services-auth:20.7.0] AndroidManifest.xml:27:13-72
185        <!--
186            Service handling Google Sign-In user revocation. For apps that do not integrate with
187            Google Sign-In, this service will never be started.
188        -->
189        <service
189-->[com.google.android.gms:play-services-auth:20.7.0] AndroidManifest.xml:33:9-37:51
190            android:name="com.google.android.gms.auth.api.signin.RevocationBoundService"
190-->[com.google.android.gms:play-services-auth:20.7.0] AndroidManifest.xml:34:13-89
191            android:exported="true"
191-->[com.google.android.gms:play-services-auth:20.7.0] AndroidManifest.xml:35:13-36
192            android:permission="com.google.android.gms.auth.api.signin.permission.REVOCATION_NOTIFICATION"
192-->[com.google.android.gms:play-services-auth:20.7.0] AndroidManifest.xml:36:13-107
193            android:visibleToInstantApps="true" />
193-->[com.google.android.gms:play-services-auth:20.7.0] AndroidManifest.xml:37:13-48
194
195        <receiver
195-->[com.google.android.gms:play-services-measurement:22.1.2] AndroidManifest.xml:29:9-33:20
196            android:name="com.google.android.gms.measurement.AppMeasurementReceiver"
196-->[com.google.android.gms:play-services-measurement:22.1.2] AndroidManifest.xml:30:13-85
197            android:enabled="true"
197-->[com.google.android.gms:play-services-measurement:22.1.2] AndroidManifest.xml:31:13-35
198            android:exported="false" >
198-->[com.google.android.gms:play-services-measurement:22.1.2] AndroidManifest.xml:32:13-37
199        </receiver>
200
201        <service
201-->[com.google.android.gms:play-services-measurement:22.1.2] AndroidManifest.xml:35:9-38:40
202            android:name="com.google.android.gms.measurement.AppMeasurementService"
202-->[com.google.android.gms:play-services-measurement:22.1.2] AndroidManifest.xml:36:13-84
203            android:enabled="true"
203-->[com.google.android.gms:play-services-measurement:22.1.2] AndroidManifest.xml:37:13-35
204            android:exported="false" />
204-->[com.google.android.gms:play-services-measurement:22.1.2] AndroidManifest.xml:38:13-37
205        <service
205-->[com.google.android.gms:play-services-measurement:22.1.2] AndroidManifest.xml:39:9-43:72
206            android:name="com.google.android.gms.measurement.AppMeasurementJobService"
206-->[com.google.android.gms:play-services-measurement:22.1.2] AndroidManifest.xml:40:13-87
207            android:enabled="true"
207-->[com.google.android.gms:play-services-measurement:22.1.2] AndroidManifest.xml:41:13-35
208            android:exported="false"
208-->[com.google.android.gms:play-services-measurement:22.1.2] AndroidManifest.xml:42:13-37
209            android:permission="android.permission.BIND_JOB_SERVICE" />
209-->[com.google.android.gms:play-services-measurement:22.1.2] AndroidManifest.xml:43:13-69
210
211        <activity
211-->[com.google.android.gms:play-services-base:18.5.0] AndroidManifest.xml:5:9-173
212            android:name="com.google.android.gms.common.api.GoogleApiActivity"
212-->[com.google.android.gms:play-services-base:18.5.0] AndroidManifest.xml:5:19-85
213            android:exported="false"
213-->[com.google.android.gms:play-services-base:18.5.0] AndroidManifest.xml:5:146-170
214            android:theme="@android:style/Theme.Translucent.NoTitleBar" />
214-->[com.google.android.gms:play-services-base:18.5.0] AndroidManifest.xml:5:86-145
215
216        <property
216-->[com.google.android.gms:play-services-measurement-api:22.1.2] AndroidManifest.xml:30:9-32:61
217            android:name="android.adservices.AD_SERVICES_CONFIG"
217-->[com.google.android.gms:play-services-measurement-api:22.1.2] AndroidManifest.xml:31:13-65
218            android:resource="@xml/ga_ad_services_config" />
218-->[com.google.android.gms:play-services-measurement-api:22.1.2] AndroidManifest.xml:32:13-58
219
220        <provider
220-->[com.google.firebase:firebase-common:21.0.0] AndroidManifest.xml:23:9-28:39
221            android:name="com.google.firebase.provider.FirebaseInitProvider"
221-->[com.google.firebase:firebase-common:21.0.0] AndroidManifest.xml:24:13-77
222            android:authorities="com.mediquest.app.firebaseinitprovider"
222-->[com.google.firebase:firebase-common:21.0.0] AndroidManifest.xml:25:13-72
223            android:directBootAware="true"
223-->[com.google.firebase:firebase-common:21.0.0] AndroidManifest.xml:26:13-43
224            android:exported="false"
224-->[com.google.firebase:firebase-common:21.0.0] AndroidManifest.xml:27:13-37
225            android:initOrder="100" />
225-->[com.google.firebase:firebase-common:21.0.0] AndroidManifest.xml:28:13-36
226        <provider
226-->[androidx.work:work-runtime:2.9.1] AndroidManifest.xml:29:9-37:20
227            android:name="androidx.startup.InitializationProvider"
227-->[androidx.work:work-runtime:2.9.1] AndroidManifest.xml:30:13-67
228            android:authorities="com.mediquest.app.androidx-startup"
228-->[androidx.work:work-runtime:2.9.1] AndroidManifest.xml:31:13-68
229            android:exported="false" >
229-->[androidx.work:work-runtime:2.9.1] AndroidManifest.xml:32:13-37
230            <meta-data
230-->[androidx.work:work-runtime:2.9.1] AndroidManifest.xml:34:13-36:52
231                android:name="androidx.work.WorkManagerInitializer"
231-->[androidx.work:work-runtime:2.9.1] AndroidManifest.xml:35:17-68
232                android:value="androidx.startup" />
232-->[androidx.work:work-runtime:2.9.1] AndroidManifest.xml:36:17-49
233            <meta-data
233-->[androidx.emoji2:emoji2:1.3.0] AndroidManifest.xml:29:13-31:52
234                android:name="androidx.emoji2.text.EmojiCompatInitializer"
234-->[androidx.emoji2:emoji2:1.3.0] AndroidManifest.xml:30:17-75
235                android:value="androidx.startup" />
235-->[androidx.emoji2:emoji2:1.3.0] AndroidManifest.xml:31:17-49
236            <meta-data
236-->[androidx.lifecycle:lifecycle-process:2.8.6] AndroidManifest.xml:29:13-31:52
237                android:name="androidx.lifecycle.ProcessLifecycleInitializer"
237-->[androidx.lifecycle:lifecycle-process:2.8.6] AndroidManifest.xml:30:17-78
238                android:value="androidx.startup" />
238-->[androidx.lifecycle:lifecycle-process:2.8.6] AndroidManifest.xml:31:17-49
239            <meta-data
239-->[androidx.profileinstaller:profileinstaller:1.3.1] AndroidManifest.xml:29:13-31:52
240                android:name="androidx.profileinstaller.ProfileInstallerInitializer"
240-->[androidx.profileinstaller:profileinstaller:1.3.1] AndroidManifest.xml:30:17-85
241                android:value="androidx.startup" />
241-->[androidx.profileinstaller:profileinstaller:1.3.1] AndroidManifest.xml:31:17-49
242        </provider>
243
244        <service
244-->[androidx.work:work-runtime:2.9.1] AndroidManifest.xml:39:9-45:35
245            android:name="androidx.work.impl.background.systemalarm.SystemAlarmService"
245-->[androidx.work:work-runtime:2.9.1] AndroidManifest.xml:40:13-88
246            android:directBootAware="false"
246-->[androidx.work:work-runtime:2.9.1] AndroidManifest.xml:41:13-44
247            android:enabled="@bool/enable_system_alarm_service_default"
247-->[androidx.work:work-runtime:2.9.1] AndroidManifest.xml:42:13-72
248            android:exported="false" />
248-->[androidx.work:work-runtime:2.9.1] AndroidManifest.xml:43:13-37
249        <service
249-->[androidx.work:work-runtime:2.9.1] AndroidManifest.xml:46:9-52:35
250            android:name="androidx.work.impl.background.systemjob.SystemJobService"
250-->[androidx.work:work-runtime:2.9.1] AndroidManifest.xml:47:13-84
251            android:directBootAware="false"
251-->[androidx.work:work-runtime:2.9.1] AndroidManifest.xml:48:13-44
252            android:enabled="@bool/enable_system_job_service_default"
252-->[androidx.work:work-runtime:2.9.1] AndroidManifest.xml:49:13-70
253            android:exported="true"
253-->[androidx.work:work-runtime:2.9.1] AndroidManifest.xml:50:13-36
254            android:permission="android.permission.BIND_JOB_SERVICE" />
254-->[androidx.work:work-runtime:2.9.1] AndroidManifest.xml:51:13-69
255        <service
255-->[androidx.work:work-runtime:2.9.1] AndroidManifest.xml:53:9-59:35
256            android:name="androidx.work.impl.foreground.SystemForegroundService"
256-->[androidx.work:work-runtime:2.9.1] AndroidManifest.xml:54:13-81
257            android:directBootAware="false"
257-->[androidx.work:work-runtime:2.9.1] AndroidManifest.xml:55:13-44